[0.099s] DEBUG:colcon:Command line arguments: ['/usr/bin/colcon', 'build']
[0.099s] DEBUG:colcon:Parsed command line arguments: Namespace(log_base=None, log_level=None, verb_name='build', build_base='build', install_base='install', merge_install=False, symlink_install=False, test_result_base=None, continue_on_error=False, executor='parallel', parallel_workers=16, event_handlers=None, ignore_user_meta=False, metas=['./colcon.meta'], base_paths=['.'], packages_ignore=None, packages_ignore_regex=None, paths=None, packages_up_to=None, packages_up_to_regex=None, packages_above=None, packages_above_and_dependencies=None, packages_above_depth=None, packages_select_by_dep=None, packages_skip_by_dep=None, packages_skip_up_to=None, packages_select_build_failed=False, packages_skip_build_finished=False, packages_select_test_failures=False, packages_skip_test_passed=False, packages_select=None, packages_skip=None, packages_select_regex=None, packages_skip_regex=None, packages_start=None, packages_end=None, allow_overriding=[], cmake_args=None, cmake_target=None, cmake_target_skip_unavailable=False, cmake_clean_cache=False, cmake_clean_first=False, cmake_force_configure=False, ament_cmake_args=None, catkin_cmake_args=None, catkin_skip_building_tests=False, mixin_files=None, mixin=None, verb_parser=<colcon_mixin.mixin.mixin_argument.MixinArgumentDecorator object at 0x7ab1bae91fc0>, verb_extension=<colcon_core.verb.build.BuildVerb object at 0x7ab1bb02ee00>, main=<bound method BuildVerb.main of <colcon_core.verb.build.BuildVerb object at 0x7ab1bb02ee00>>, mixin_verb=('build',))
[0.252s] Level 1:colcon.colcon_core.package_discovery:discover_packages(colcon_meta) check parameters
[0.252s] Level 1:colcon.colcon_core.package_discovery:discover_packages(recursive) check parameters
[0.252s] Level 1:colcon.colcon_core.package_discovery:discover_packages(ignore) check parameters
[0.252s] Level 1:colcon.colcon_core.package_discovery:discover_packages(path) check parameters
[0.252s] Level 1:colcon.colcon_core.package_discovery:discover_packages(colcon_meta) discover
[0.252s] Level 1:colcon.colcon_core.package_discovery:discover_packages(recursive) discover
[0.252s] INFO:colcon.colcon_core.package_discovery:Crawling recursively for packages in '/home/samuel/hello_robot'
[0.252s] Level 1:colcon.colcon_core.package_identification:_identify(.) by extensions ['ignore', 'ignore_ament_install']
[0.253s] Level 1:colcon.colcon_core.package_identification:_identify(.) by extension 'ignore'
[0.253s] Level 1:colcon.colcon_core.package_identification:_identify(.) by extension 'ignore_ament_install'
[0.253s] Level 1:colcon.colcon_core.package_identification:_identify(.) by extensions ['colcon_pkg']
[0.253s] Level 1:colcon.colcon_core.package_identification:_identify(.) by extension 'colcon_pkg'
[0.253s] Level 1:colcon.colcon_core.package_identification:_identify(.) by extensions ['colcon_meta']
[0.253s] Level 1:colcon.colcon_core.package_identification:_identify(.) by extension 'colcon_meta'
[0.253s] Level 1:colcon.colcon_core.package_identification:_identify(.) by extensions ['ros']
[0.253s] Level 1:colcon.colcon_core.package_identification:_identify(.) by extension 'ros'
[0.263s] Level 1:colcon.colcon_core.package_identification:_identify(.) by extensions ['cmake', 'python']
[0.263s] Level 1:colcon.colcon_core.package_identification:_identify(.) by extension 'cmake'
[0.263s] Level 1:colcon.colcon_core.package_identification:_identify(.) by extension 'python'
[0.263s] Level 1:colcon.colcon_core.package_identification:_identify(.) by extensions ['python_setup_py']
[0.263s] Level 1:colcon.colcon_core.package_identification:_identify(.) by extension 'python_setup_py'
[0.263s] Level 1:colcon.colcon_core.package_identification:_identify(build) by extensions ['ignore', 'ignore_ament_install']
[0.263s] Level 1:colcon.colcon_core.package_identification:_identify(build) by extension 'ignore'
[0.263s] Level 1:colcon.colcon_core.package_identification:_identify(build) ignored
[0.264s] Level 1:colcon.colcon_core.package_identification:_identify(install) by extensions ['ignore', 'ignore_ament_install']
[0.264s] Level 1:colcon.colcon_core.package_identification:_identify(install) by extension 'ignore'
[0.264s] Level 1:colcon.colcon_core.package_identification:_identify(install) ignored
[0.264s] Level 1:colcon.colcon_core.package_identification:_identify(log) by extensions ['ignore', 'ignore_ament_install']
[0.264s] Level 1:colcon.colcon_core.package_identification:_identify(log) by extension 'ignore'
[0.264s] Level 1:colcon.colcon_core.package_identification:_identify(log) ignored
[0.264s] Level 1:colcon.colcon_core.package_identification:_identify(src) by extensions ['ignore', 'ignore_ament_install']
[0.264s] Level 1:colcon.colcon_core.package_identification:_identify(src) by extension 'ignore'
[0.264s] Level 1:colcon.colcon_core.package_identification:_identify(src) by extension 'ignore_ament_install'
[0.264s] Level 1:colcon.colcon_core.package_identification:_identify(src) by extensions ['colcon_pkg']
[0.264s] Level 1:colcon.colcon_core.package_identification:_identify(src) by extension 'colcon_pkg'
[0.264s] Level 1:colcon.colcon_core.package_identification:_identify(src) by extensions ['colcon_meta']
[0.264s] Level 1:colcon.colcon_core.package_identification:_identify(src) by extension 'colcon_meta'
[0.264s] Level 1:colcon.colcon_core.package_identification:_identify(src) by extensions ['ros']
[0.264s] Level 1:colcon.colcon_core.package_identification:_identify(src) by extension 'ros'
[0.264s] Level 1:colcon.colcon_core.package_identification:_identify(src) by extensions ['cmake', 'python']
[0.264s] Level 1:colcon.colcon_core.package_identification:_identify(src) by extension 'cmake'
[0.264s] Level 1:colcon.colcon_core.package_identification:_identify(src) by extension 'python'
[0.264s] Level 1:colcon.colcon_core.package_identification:_identify(src) by extensions ['python_setup_py']
[0.264s] Level 1:colcon.colcon_core.package_identification:_identify(src) by extension 'python_setup_py'
[0.264s] Level 1:colcon.colcon_core.package_identification:_identify(src/build) by extensions ['ignore', 'ignore_ament_install']
[0.264s] Level 1:colcon.colcon_core.package_identification:_identify(src/build) by extension 'ignore'
[0.264s] Level 1:colcon.colcon_core.package_identification:_identify(src/build) ignored
[0.265s] Level 1:colcon.colcon_core.package_identification:_identify(src/hello_robot_package) by extensions ['ignore', 'ignore_ament_install']
[0.265s] Level 1:colcon.colcon_core.package_identification:_identify(src/hello_robot_package) by extension 'ignore'
[0.265s] Level 1:colcon.colcon_core.package_identification:_identify(src/hello_robot_package) by extension 'ignore_ament_install'
[0.265s] Level 1:colcon.colcon_core.package_identification:_identify(src/hello_robot_package) by extensions ['colcon_pkg']
[0.265s] Level 1:colcon.colcon_core.package_identification:_identify(src/hello_robot_package) by extension 'colcon_pkg'
[0.265s] Level 1:colcon.colcon_core.package_identification:_identify(src/hello_robot_package) by extensions ['colcon_meta']
[0.265s] Level 1:colcon.colcon_core.package_identification:_identify(src/hello_robot_package) by extension 'colcon_meta'
[0.265s] Level 1:colcon.colcon_core.package_identification:_identify(src/hello_robot_package) by extensions ['ros']
[0.265s] Level 1:colcon.colcon_core.package_identification:_identify(src/hello_robot_package) by extension 'ros'
[0.268s] DEBUG:colcon.colcon_core.package_identification:Package 'src/hello_robot_package' with type 'ros.ament_cmake' and name 'hello_robot_package'
[0.268s] Level 1:colcon.colcon_core.package_identification:_identify(src/install) by extensions ['ignore', 'ignore_ament_install']
[0.268s] Level 1:colcon.colcon_core.package_identification:_identify(src/install) by extension 'ignore'
[0.268s] Level 1:colcon.colcon_core.package_identification:_identify(src/install) ignored
[0.268s] Level 1:colcon.colcon_core.package_identification:_identify(src/log) by extensions ['ignore', 'ignore_ament_install']
[0.268s] Level 1:colcon.colcon_core.package_identification:_identify(src/log) by extension 'ignore'
[0.268s] Level 1:colcon.colcon_core.package_identification:_identify(src/log) ignored
[0.268s] Level 1:colcon.colcon_core.package_discovery:discover_packages(recursive) using defaults
[0.268s] Level 1:colcon.colcon_core.package_discovery:discover_packages(ignore) discover
[0.268s] Level 1:colcon.colcon_core.package_discovery:discover_packages(ignore) using defaults
[0.268s] Level 1:colcon.colcon_core.package_discovery:discover_packages(path) discover
[0.268s] Level 1:colcon.colcon_core.package_discovery:discover_packages(path) using defaults
[0.298s] Level 1:colcon.colcon_core.package_discovery:discover_packages(prefix_path) check parameters
[0.298s] Level 1:colcon.colcon_core.package_discovery:discover_packages(prefix_path) discover
[0.299s] DEBUG:colcon.colcon_installed_package_information.package_discovery:Found 1 installed packages in /home/samuel/hello_robot/install
[0.300s] DEBUG:colcon.colcon_installed_package_information.package_discovery:Found 1 installed packages in /home/samuel/hello_robot/src/install
[0.301s] DEBUG:colcon.colcon_installed_package_information.package_discovery:Found 358 installed packages in /opt/ros/humble
[0.303s] Level 1:colcon.colcon_core.package_discovery:discover_packages(prefix_path) using defaults
[0.345s] Level 5:colcon.colcon_core.verb:set package 'hello_robot_package' build argument 'cmake_args' from command line to 'None'
[0.346s] Level 5:colcon.colcon_core.verb:set package 'hello_robot_package' build argument 'cmake_target' from command line to 'None'
[0.346s] Level 5:colcon.colcon_core.verb:set package 'hello_robot_package' build argument 'cmake_target_skip_unavailable' from command line to 'False'
[0.346s] Level 5:colcon.colcon_core.verb:set package 'hello_robot_package' build argument 'cmake_clean_cache' from command line to 'False'
[0.346s] Level 5:colcon.colcon_core.verb:set package 'hello_robot_package' build argument 'cmake_clean_first' from command line to 'False'
[0.346s] Level 5:colcon.colcon_core.verb:set package 'hello_robot_package' build argument 'cmake_force_configure' from command line to 'False'
[0.346s] Level 5:colcon.colcon_core.verb:set package 'hello_robot_package' build argument 'ament_cmake_args' from command line to 'None'
[0.346s] Level 5:colcon.colcon_core.verb:set package 'hello_robot_package' build argument 'catkin_cmake_args' from command line to 'None'
[0.346s] Level 5:colcon.colcon_core.verb:set package 'hello_robot_package' build argument 'catkin_skip_building_tests' from command line to 'False'
[0.346s] DEBUG:colcon.colcon_core.verb:Building package 'hello_robot_package' with the following arguments: {'ament_cmake_args': None, 'build_base': '/home/samuel/hello_robot/build/hello_robot_package', 'catkin_cmake_args': None, 'catkin_skip_building_tests': False, 'cmake_args': None, 'cmake_clean_cache': False, 'cmake_clean_first': False, 'cmake_force_configure': False, 'cmake_target': None, 'cmake_target_skip_unavailable': False, 'install_base': '/home/samuel/hello_robot/install/hello_robot_package', 'merge_install': False, 'path': '/home/samuel/hello_robot/src/hello_robot_package', 'symlink_install': False, 'test_result_base': None}
[0.346s] INFO:colcon.colcon_core.executor:Executing jobs using 'parallel' executor
[0.347s] DEBUG:colcon.colcon_parallel_executor.executor.parallel:run_until_complete
[0.347s] INFO:colcon.colcon_ros.task.ament_cmake.build:Building ROS package in '/home/samuel/hello_robot/src/hello_robot_package' with build type 'ament_cmake'
[0.347s] INFO:colcon.colcon_cmake.task.cmake.build:Building CMake package in '/home/samuel/hello_robot/src/hello_robot_package'
[0.349s] INFO:colcon.colcon_core.plugin_system:Skipping extension 'colcon_core.shell.bat': Not used on non-Windows systems
[0.349s] INFO:colcon.colcon_core.shell:Skip shell extension 'powershell' for command environment: Not usable outside of PowerShell
[0.349s] DEBUG:colcon.colcon_core.shell:Skip shell extension 'dsv' for command environment
[0.359s] DEBUG:colcon.colcon_core.event_handler.log_command:Invoking command in '/home/samuel/hello_robot/build/hello_robot_package': CMAKE_PREFIX_PATH=${CMAKE_PREFIX_PATH}:/opt/ros/humble /usr/bin/cmake --build /home/samuel/hello_robot/build/hello_robot_package -- -j16 -l16
[5.786s] DEBUG:colcon.colcon_core.event_handler.log_command:Invoked command in '/home/samuel/hello_robot/build/hello_robot_package' returned '0': CMAKE_PREFIX_PATH=${CMAKE_PREFIX_PATH}:/opt/ros/humble /usr/bin/cmake --build /home/samuel/hello_robot/build/hello_robot_package -- -j16 -l16
[5.796s] DEBUG:colcon.colcon_core.event_handler.log_command:Invoking command in '/home/samuel/hello_robot/build/hello_robot_package': CMAKE_PREFIX_PATH=${CMAKE_PREFIX_PATH}:/opt/ros/humble /usr/bin/cmake --install /home/samuel/hello_robot/build/hello_robot_package
[5.815s] Level 1:colcon.colcon_core.environment:create_environment_scripts_only(hello_robot_package)
[5.816s] DEBUG:colcon.colcon_core.event_handler.log_command:Invoked command in '/home/samuel/hello_robot/build/hello_robot_package' returned '0': CMAKE_PREFIX_PATH=${CMAKE_PREFIX_PATH}:/opt/ros/humble /usr/bin/cmake --install /home/samuel/hello_robot/build/hello_robot_package
[5.819s] Level 1:colcon.colcon_core.environment:checking '/home/samuel/hello_robot/install/hello_robot_package' for CMake module files
[5.820s] Level 1:colcon.colcon_core.environment:checking '/home/samuel/hello_robot/install/hello_robot_package' for CMake config files
[5.820s] Level 1:colcon.colcon_core.shell:create_environment_hook('hello_robot_package', 'cmake_prefix_path')
[5.820s] INFO:colcon.colcon_core.shell:Creating environment hook '/home/samuel/hello_robot/install/hello_robot_package/share/hello_robot_package/hook/cmake_prefix_path.ps1'
[5.821s] INFO:colcon.colcon_core.shell:Creating environment descriptor '/home/samuel/hello_robot/install/hello_robot_package/share/hello_robot_package/hook/cmake_prefix_path.dsv'
[5.822s] INFO:colcon.colcon_core.shell:Creating environment hook '/home/samuel/hello_robot/install/hello_robot_package/share/hello_robot_package/hook/cmake_prefix_path.sh'
[5.823s] Level 1:colcon.colcon_core.environment:checking '/home/samuel/hello_robot/install/hello_robot_package/lib'
[5.823s] Level 1:colcon.colcon_core.environment:checking '/home/samuel/hello_robot/install/hello_robot_package/bin'
[5.823s] Level 1:colcon.colcon_core.environment:checking '/home/samuel/hello_robot/install/hello_robot_package/lib/pkgconfig/hello_robot_package.pc'
[5.823s] Level 1:colcon.colcon_core.environment:checking '/home/samuel/hello_robot/install/hello_robot_package/lib/python3.10/site-packages'
[5.823s] Level 1:colcon.colcon_core.environment:checking '/home/samuel/hello_robot/install/hello_robot_package/bin'
[5.824s] INFO:colcon.colcon_core.shell:Creating package script '/home/samuel/hello_robot/install/hello_robot_package/share/hello_robot_package/package.ps1'
[5.825s] INFO:colcon.colcon_core.shell:Creating package descriptor '/home/samuel/hello_robot/install/hello_robot_package/share/hello_robot_package/package.dsv'
[5.825s] INFO:colcon.colcon_core.shell:Creating package script '/home/samuel/hello_robot/install/hello_robot_package/share/hello_robot_package/package.sh'
[5.826s] INFO:colcon.colcon_core.shell:Creating package script '/home/samuel/hello_robot/install/hello_robot_package/share/hello_robot_package/package.bash'
[5.828s] INFO:colcon.colcon_core.shell:Creating package script '/home/samuel/hello_robot/install/hello_robot_package/share/hello_robot_package/package.zsh'
[5.828s] Level 1:colcon.colcon_core.environment:create_file_with_runtime_dependencies(/home/samuel/hello_robot/install/hello_robot_package/share/colcon-core/packages/hello_robot_package)
[5.829s] Level 1:colcon.colcon_core.environment:create_environment_scripts_only(hello_robot_package)
[5.829s] Level 1:colcon.colcon_core.environment:checking '/home/samuel/hello_robot/install/hello_robot_package' for CMake module files
[5.830s] Level 1:colcon.colcon_core.environment:checking '/home/samuel/hello_robot/install/hello_robot_package' for CMake config files
[5.830s] Level 1:colcon.colcon_core.shell:create_environment_hook('hello_robot_package', 'cmake_prefix_path')
[5.830s] INFO:colcon.colcon_core.shell:Creating environment hook '/home/samuel/hello_robot/install/hello_robot_package/share/hello_robot_package/hook/cmake_prefix_path.ps1'
[5.831s] INFO:colcon.colcon_core.shell:Creating environment descriptor '/home/samuel/hello_robot/install/hello_robot_package/share/hello_robot_package/hook/cmake_prefix_path.dsv'
[5.831s] INFO:colcon.colcon_core.shell:Creating environment hook '/home/samuel/hello_robot/install/hello_robot_package/share/hello_robot_package/hook/cmake_prefix_path.sh'
[5.831s] Level 1:colcon.colcon_core.environment:checking '/home/samuel/hello_robot/install/hello_robot_package/lib'
[5.831s] Level 1:colcon.colcon_core.environment:checking '/home/samuel/hello_robot/install/hello_robot_package/bin'
[5.832s] Level 1:colcon.colcon_core.environment:checking '/home/samuel/hello_robot/install/hello_robot_package/lib/pkgconfig/hello_robot_package.pc'
[5.832s] Level 1:colcon.colcon_core.environment:checking '/home/samuel/hello_robot/install/hello_robot_package/lib/python3.10/site-packages'
[5.832s] Level 1:colcon.colcon_core.environment:checking '/home/samuel/hello_robot/install/hello_robot_package/bin'
[5.833s] INFO:colcon.colcon_core.shell:Creating package script '/home/samuel/hello_robot/install/hello_robot_package/share/hello_robot_package/package.ps1'
[5.833s] INFO:colcon.colcon_core.shell:Creating package descriptor '/home/samuel/hello_robot/install/hello_robot_package/share/hello_robot_package/package.dsv'
[5.833s] INFO:colcon.colcon_core.shell:Creating package script '/home/samuel/hello_robot/install/hello_robot_package/share/hello_robot_package/package.sh'
[5.834s] INFO:colcon.colcon_core.shell:Creating package script '/home/samuel/hello_robot/install/hello_robot_package/share/hello_robot_package/package.bash'
[5.834s] INFO:colcon.colcon_core.shell:Creating package script '/home/samuel/hello_robot/install/hello_robot_package/share/hello_robot_package/package.zsh'
[5.835s] Level 1:colcon.colcon_core.environment:create_file_with_runtime_dependencies(/home/samuel/hello_robot/install/hello_robot_package/share/colcon-core/packages/hello_robot_package)
[5.835s] DEBUG:colcon.colcon_parallel_executor.executor.parallel:closing loop
[5.835s] DEBUG:colcon.colcon_parallel_executor.executor.parallel:loop closed
[5.836s] DEBUG:colcon.colcon_parallel_executor.executor.parallel:run_until_complete finished with '0'
[5.836s] DEBUG:colcon.colcon_core.event_reactor:joining thread
[5.840s] INFO:colcon.colcon_core.plugin_system:Skipping extension 'colcon_notification.desktop_notification.terminal_notifier': Not used on non-Darwin systems
[5.840s] INFO:colcon.colcon_core.plugin_system:Skipping extension 'colcon_notification.desktop_notification.win32': Not used on non-Windows systems
[5.840s] INFO:colcon.colcon_notification.desktop_notification:Sending desktop notification using 'notify2'
[5.850s] DEBUG:colcon.colcon_core.event_reactor:joined thread
[5.850s] INFO:colcon.colcon_core.shell:Creating prefix script '/home/samuel/hello_robot/install/local_setup.ps1'
[5.851s] INFO:colcon.colcon_core.shell:Creating prefix util module '/home/samuel/hello_robot/install/_local_setup_util_ps1.py'
[5.852s] INFO:colcon.colcon_core.shell:Creating prefix chain script '/home/samuel/hello_robot/install/setup.ps1'
[5.853s] INFO:colcon.colcon_core.shell:Creating prefix script '/home/samuel/hello_robot/install/local_setup.sh'
[5.854s] INFO:colcon.colcon_core.shell:Creating prefix util module '/home/samuel/hello_robot/install/_local_setup_util_sh.py'
[5.854s] INFO:colcon.colcon_core.shell:Creating prefix chain script '/home/samuel/hello_robot/install/setup.sh'
[5.856s] INFO:colcon.colcon_core.shell:Creating prefix script '/home/samuel/hello_robot/install/local_setup.bash'
[5.856s] INFO:colcon.colcon_core.shell:Creating prefix chain script '/home/samuel/hello_robot/install/setup.bash'
[5.857s] INFO:colcon.colcon_core.shell:Creating prefix script '/home/samuel/hello_robot/install/local_setup.zsh'
[5.857s] INFO:colcon.colcon_core.shell:Creating prefix chain script '/home/samuel/hello_robot/install/setup.zsh'
