[0.007s] Invoking command in '/home/samuel/hello_robot/src/build/hello_robot_package': CMAKE_PREFIX_PATH=/opt/ros/humble /usr/bin/cmake --build /home/samuel/hello_robot/src/build/hello_robot_package -- -j16 -l16
[0.023s] -- Found ament_cmake: 1.3.11 (/opt/ros/humble/share/ament_cmake/cmake)
[0.106s] -- Found rclcpp: 16.0.11 (/opt/ros/humble/share/rclcpp/cmake)
[0.124s] -- Found rosidl_generator_c: 3.1.6 (/opt/ros/humble/share/rosidl_generator_c/cmake)
[0.125s] -- Found rosidl_adapter: 3.1.6 (/opt/ros/humble/share/rosidl_adapter/cmake)
[0.129s] -- Found rosidl_generator_cpp: 3.1.6 (/opt/ros/humble/share/rosidl_generator_cpp/cmake)
[0.135s] -- Using all available rosidl_typesupport_c: rosidl_typesupport_fastrtps_c;rosidl_typesupport_introspection_c
[0.143s] -- Using all available rosidl_typesupport_cpp: rosidl_typesupport_fastrtps_cpp;rosidl_typesupport_introspection_cpp
[0.164s] -- Found rmw_implementation_cmake: 6.1.2 (/opt/ros/humble/share/rmw_implementation_cmake/cmake)
[0.165s] -- Found rmw_fastrtps_cpp: 6.2.7 (/opt/ros/humble/share/rmw_fastrtps_cpp/cmake)
[0.224s] -- Using RMW implementation 'rmw_fastrtps_cpp' as default
[0.254s] -- Found sensor_msgs: 4.2.4 (/opt/ros/humble/share/sensor_msgs/cmake)
[0.273s] -- Found ament_lint_auto: 0.12.11 (/opt/ros/humble/share/ament_lint_auto/cmake)
[0.317s] -- Added test 'cppcheck' to perform static code analysis on C / C++ code
[0.317s] -- Configured cppcheck include dirs: $<BUILD_INTERFACE:/home/samuel/hello_robot/src/hello_robot_package/include>
[0.317s] -- Configured cppcheck exclude dirs and/or files: 
[0.318s] -- Added test 'lint_cmake' to check CMake code style
[0.318s] -- Added test 'uncrustify' to check C / C++ code style
[0.318s] -- Configured uncrustify additional arguments: 
[0.318s] -- Added test 'xmllint' to check XML markup files
[0.319s] -- Configuring done
[0.337s] -- Generating done
[0.341s] -- Build files have been written to: /home/samuel/hello_robot/src/build/hello_robot_package
[0.361s] [35m[1mConsolidate compiler generated dependencies of target hello_robot_node[0m
[0.377s] [ 50%] [32mBuilding CXX object CMakeFiles/hello_robot_node.dir/src/hello_robot_node.cpp.o[0m
[3.266s] [100%] [32m[1mLinking CXX executable hello_robot_node[0m
[3.440s] [100%] Built target hello_robot_node
[3.447s] Invoked command in '/home/samuel/hello_robot/src/build/hello_robot_package' returned '0': CMAKE_PREFIX_PATH=/opt/ros/humble /usr/bin/cmake --build /home/samuel/hello_robot/src/build/hello_robot_package -- -j16 -l16
[3.453s] Invoking command in '/home/samuel/hello_robot/src/build/hello_robot_package': CMAKE_PREFIX_PATH=/opt/ros/humble /usr/bin/cmake --install /home/samuel/hello_robot/src/build/hello_robot_package
[3.458s] -- Install configuration: ""
[3.459s] -- Installing: /home/samuel/hello_robot/src/install/hello_robot_package/lib/hello_robot_package/hello_robot_node
[3.460s] -- Set runtime path of "/home/samuel/hello_robot/src/install/hello_robot_package/lib/hello_robot_package/hello_robot_node" to ""
[3.460s] -- Installing: /home/samuel/hello_robot/src/install/hello_robot_package/share/ament_index/resource_index/package_run_dependencies/hello_robot_package
[3.460s] -- Installing: /home/samuel/hello_robot/src/install/hello_robot_package/share/ament_index/resource_index/parent_prefix_path/hello_robot_package
[3.460s] -- Installing: /home/samuel/hello_robot/src/install/hello_robot_package/share/hello_robot_package/environment/ament_prefix_path.sh
[3.461s] -- Installing: /home/samuel/hello_robot/src/install/hello_robot_package/share/hello_robot_package/environment/ament_prefix_path.dsv
[3.461s] -- Installing: /home/samuel/hello_robot/src/install/hello_robot_package/share/hello_robot_package/environment/path.sh
[3.461s] -- Installing: /home/samuel/hello_robot/src/install/hello_robot_package/share/hello_robot_package/environment/path.dsv
[3.461s] -- Installing: /home/samuel/hello_robot/src/install/hello_robot_package/share/hello_robot_package/local_setup.bash
[3.461s] -- Installing: /home/samuel/hello_robot/src/install/hello_robot_package/share/hello_robot_package/local_setup.sh
[3.461s] -- Installing: /home/samuel/hello_robot/src/install/hello_robot_package/share/hello_robot_package/local_setup.zsh
[3.461s] -- Installing: /home/samuel/hello_robot/src/install/hello_robot_package/share/hello_robot_package/local_setup.dsv
[3.462s] -- Installing: /home/samuel/hello_robot/src/install/hello_robot_package/share/hello_robot_package/package.dsv
[3.474s] -- Installing: /home/samuel/hello_robot/src/install/hello_robot_package/share/ament_index/resource_index/packages/hello_robot_package
[3.474s] -- Installing: /home/samuel/hello_robot/src/install/hello_robot_package/share/hello_robot_package/cmake/hello_robot_packageConfig.cmake
[3.474s] -- Installing: /home/samuel/hello_robot/src/install/hello_robot_package/share/hello_robot_package/cmake/hello_robot_packageConfig-version.cmake
[3.474s] -- Installing: /home/samuel/hello_robot/src/install/hello_robot_package/share/hello_robot_package/package.xml
[3.476s] Invoked command in '/home/samuel/hello_robot/src/build/hello_robot_package' returned '0': CMAKE_PREFIX_PATH=/opt/ros/humble /usr/bin/cmake --install /home/samuel/hello_robot/src/build/hello_robot_package
