[0.007s] Invoking command in '/home/samuel/hello_robot/src/build/hello_robot_package': CMAKE_PREFIX_PATH=/opt/ros/humble /usr/bin/cmake --build /home/samuel/hello_robot/src/build/hello_robot_package -- -j16 -l16
[0.023s] -- Found ament_cmake: 1.3.11 (/opt/ros/humble/share/ament_cmake/cmake)
[0.107s] -- Found rclcpp: 16.0.11 (/opt/ros/humble/share/rclcpp/cmake)
[0.125s] -- Found rosidl_generator_c: 3.1.6 (/opt/ros/humble/share/rosidl_generator_c/cmake)
[0.126s] -- Found rosidl_adapter: 3.1.6 (/opt/ros/humble/share/rosidl_adapter/cmake)
[0.130s] -- Found rosidl_generator_cpp: 3.1.6 (/opt/ros/humble/share/rosidl_generator_cpp/cmake)
[0.136s] -- Using all available rosidl_typesupport_c: rosidl_typesupport_fastrtps_c;rosidl_typesupport_introspection_c
[0.144s] -- Using all available rosidl_typesupport_cpp: rosidl_typesupport_fastrtps_cpp;rosidl_typesupport_introspection_cpp
[0.166s] -- Found rmw_implementation_cmake: 6.1.2 (/opt/ros/humble/share/rmw_implementation_cmake/cmake)
[0.167s] -- Found rmw_fastrtps_cpp: 6.2.7 (/opt/ros/humble/share/rmw_fastrtps_cpp/cmake)
[0.225s] -- Using RMW implementation 'rmw_fastrtps_cpp' as default
[0.256s] -- Found sensor_msgs: 4.2.4 (/opt/ros/humble/share/sensor_msgs/cmake)
[0.274s] [31mCMake Error at /opt/ros/humble/share/ament_cmake_target_dependencies/cmake/ament_target_dependencies.cmake:42 (message):
[0.274s]   ament_target_dependencies() the first argument must be a valid target name
[0.274s] Call Stack (most recent call first):
[0.274s]   CMakeLists.txt:13 (ament_target_dependencies)
[0.274s] 
[0.274s] [0m
[0.274s] -- Configuring incomplete, errors occurred!
[0.274s] See also "/home/samuel/hello_robot/src/build/hello_robot_package/CMakeFiles/CMakeOutput.log".
[0.279s] gmake: *** [Makefile:267: cmake_check_build_system] Error 1
[0.281s] Invoked command in '/home/samuel/hello_robot/src/build/hello_robot_package' returned '2': CMAKE_PREFIX_PATH=/opt/ros/humble /usr/bin/cmake --build /home/samuel/hello_robot/src/build/hello_robot_package -- -j16 -l16
