[35m[1mConsolidate compiler generated dependencies of target hello_robot_node[0m
[ 50%] [32mBuilding CXX object CMakeFiles/hello_robot_node.dir/src/hello_robot_node.cpp.o[0m
[100%] [32m[1mLinking CXX executable hello_robot_node[0m
[100%] Built target hello_robot_node
-- Install configuration: ""
-- Installing: /home/samuel/hello_robot/install/hello_robot_package/lib/hello_robot_package/hello_robot_node
-- Set runtime path of "/home/samuel/hello_robot/install/hello_robot_package/lib/hello_robot_package/hello_robot_node" to ""
-- Up-to-date: /home/samuel/hello_robot/install/hello_robot_package/share/ament_index/resource_index/package_run_dependencies/hello_robot_package
-- Up-to-date: /home/samuel/hello_robot/install/hello_robot_package/share/ament_index/resource_index/parent_prefix_path/hello_robot_package
-- Up-to-date: /home/samuel/hello_robot/install/hello_robot_package/share/hello_robot_package/environment/ament_prefix_path.sh
-- Up-to-date: /home/samuel/hello_robot/install/hello_robot_package/share/hello_robot_package/environment/ament_prefix_path.dsv
-- Up-to-date: /home/samuel/hello_robot/install/hello_robot_package/share/hello_robot_package/environment/path.sh
-- Up-to-date: /home/samuel/hello_robot/install/hello_robot_package/share/hello_robot_package/environment/path.dsv
-- Up-to-date: /home/samuel/hello_robot/install/hello_robot_package/share/hello_robot_package/local_setup.bash
-- Up-to-date: /home/samuel/hello_robot/install/hello_robot_package/share/hello_robot_package/local_setup.sh
-- Up-to-date: /home/samuel/hello_robot/install/hello_robot_package/share/hello_robot_package/local_setup.zsh
-- Up-to-date: /home/samuel/hello_robot/install/hello_robot_package/share/hello_robot_package/local_setup.dsv
-- Installing: /home/samuel/hello_robot/install/hello_robot_package/share/hello_robot_package/package.dsv
-- Up-to-date: /home/samuel/hello_robot/install/hello_robot_package/share/ament_index/resource_index/packages/hello_robot_package
-- Up-to-date: /home/samuel/hello_robot/install/hello_robot_package/share/hello_robot_package/cmake/hello_robot_packageConfig.cmake
-- Up-to-date: /home/samuel/hello_robot/install/hello_robot_package/share/hello_robot_package/cmake/hello_robot_packageConfig-version.cmake
-- Up-to-date: /home/samuel/hello_robot/install/hello_robot_package/share/hello_robot_package/package.xml
