[0.011s] Invoking command in '/home/samuel/hello_robot/build/hello_robot_package': CMAKE_PREFIX_PATH=${CMAKE_PREFIX_PATH}:/opt/ros/humble /usr/bin/cmake --build /home/samuel/hello_robot/build/hello_robot_package -- -j16 -l16
[0.033s] -- Found ament_cmake: 1.3.11 (/opt/ros/humble/share/ament_cmake/cmake)
[0.146s] -- Found rclcpp: 16.0.11 (/opt/ros/humble/share/rclcpp/cmake)
[0.171s] -- Found rosidl_generator_c: 3.1.6 (/opt/ros/humble/share/rosidl_generator_c/cmake)
[0.173s] -- Found rosidl_adapter: 3.1.6 (/opt/ros/humble/share/rosidl_adapter/cmake)
[0.179s] -- Found rosidl_generator_cpp: 3.1.6 (/opt/ros/humble/share/rosidl_generator_cpp/cmake)
[0.187s] -- Using all available rosidl_typesupport_c: rosidl_typesupport_fastrtps_c;rosidl_typesupport_introspection_c
[0.199s] -- Using all available rosidl_typesupport_cpp: rosidl_typesupport_fastrtps_cpp;rosidl_typesupport_introspection_cpp
[0.232s] -- Found rmw_implementation_cmake: 6.1.2 (/opt/ros/humble/share/rmw_implementation_cmake/cmake)
[0.234s] -- Found rmw_fastrtps_cpp: 6.2.7 (/opt/ros/humble/share/rmw_fastrtps_cpp/cmake)
[0.322s] -- Using RMW implementation 'rmw_fastrtps_cpp' as default
[0.370s] -- Found geometry_msgs: 4.2.4 (/opt/ros/humble/share/geometry_msgs/cmake)
[0.383s] -- Found sensor_msgs: 4.2.4 (/opt/ros/humble/share/sensor_msgs/cmake)
[0.400s] -- Found vision_msgs: 4.1.1 (/opt/ros/humble/share/vision_msgs/cmake)
[0.417s] -- Found ament_lint_auto: 0.12.11 (/opt/ros/humble/share/ament_lint_auto/cmake)
[0.493s] -- Added test 'cppcheck' to perform static code analysis on C / C++ code
[0.494s] -- Configured cppcheck include dirs: $<BUILD_INTERFACE:/home/samuel/hello_robot/src/hello_robot_package/include>
[0.494s] -- Configured cppcheck exclude dirs and/or files: 
[0.494s] -- Added test 'lint_cmake' to check CMake code style
[0.494s] -- Added test 'uncrustify' to check C / C++ code style
[0.494s] -- Configured uncrustify additional arguments: 
[0.495s] -- Added test 'xmllint' to check XML markup files
[0.495s] -- Configuring done
[0.505s] -- Generating done
[0.510s] -- Build files have been written to: /home/samuel/hello_robot/build/hello_robot_package
[0.540s] [ 25%] [32mBuilding CXX object CMakeFiles/human_det_node.dir/src/human_det_node.cpp.o[0m
[0.544s] [35m[1mConsolidate compiler generated dependencies of target hello_robot_node[0m
[0.565s] [ 75%] Built target hello_robot_node
[0.587s] [01m[K/home/samuel/hello_robot/src/hello_robot_package/src/human_det_node.cpp:1:10:[m[K [01;31m[Kfatal error: [m[Krclcpp/rclcpp.hpp: No such file or directory
[0.587s]     1 | #include [01;31m[K"rclcpp/rclcpp.hpp"[m[K
[0.587s]       |          [01;31m[K^~~~~~~~~~~~~~~~~~~[m[K
[0.587s] compilation terminated.
[0.588s] gmake[2]: *** [CMakeFiles/human_det_node.dir/build.make:76: CMakeFiles/human_det_node.dir/src/human_det_node.cpp.o] Error 1
[0.588s] gmake[1]: *** [CMakeFiles/Makefile2:165: CMakeFiles/human_det_node.dir/all] Error 2
[0.588s] gmake: *** [Makefile:146: all] Error 2
[0.591s] Invoked command in '/home/samuel/hello_robot/build/hello_robot_package' returned '2': CMAKE_PREFIX_PATH=${CMAKE_PREFIX_PATH}:/opt/ros/humble /usr/bin/cmake --build /home/samuel/hello_robot/build/hello_robot_package -- -j16 -l16
