[0.102s] DEBUG:colcon:Command line arguments: ['/usr/bin/colcon', 'build']
[0.102s] DEBUG:colcon:Parsed command line arguments: Namespace(log_base=None, log_level=None, verb_name='build', build_base='build', install_base='install', merge_install=False, symlink_install=False, test_result_base=None, continue_on_error=False, executor='parallel', parallel_workers=16, event_handlers=None, ignore_user_meta=False, metas=['./colcon.meta'], base_paths=['.'], packages_ignore=None, packages_ignore_regex=None, paths=None, packages_up_to=None, packages_up_to_regex=None, packages_above=None, packages_above_and_dependencies=None, packages_above_depth=None, packages_select_by_dep=None, packages_skip_by_dep=None, packages_skip_up_to=None, packages_select_build_failed=False, packages_skip_build_finished=False, packages_select_test_failures=False, packages_skip_test_passed=False, packages_select=None, packages_skip=None, packages_select_regex=None, packages_skip_regex=None, packages_start=None, packages_end=None, allow_overriding=[], cmake_args=None, cmake_target=None, cmake_target_skip_unavailable=False, cmake_clean_cache=False, cmake_clean_first=False, cmake_force_configure=False, ament_cmake_args=None, catkin_cmake_args=None, catkin_skip_building_tests=False, mixin_files=None, mixin=None, verb_parser=<colcon_mixin.mixin.mixin_argument.MixinArgumentDecorator object at 0x7bc0ebae9fc0>, verb_extension=<colcon_core.verb.build.BuildVerb object at 0x7bc0ebc7ee00>, main=<bound method BuildVerb.main of <colcon_core.verb.build.BuildVerb object at 0x7bc0ebc7ee00>>, mixin_verb=('build',))
[0.269s] Level 1:colcon.colcon_core.package_discovery:discover_packages(colcon_meta) check parameters
[0.269s] Level 1:colcon.colcon_core.package_discovery:discover_packages(recursive) check parameters
[0.269s] Level 1:colcon.colcon_core.package_discovery:discover_packages(ignore) check parameters
[0.269s] Level 1:colcon.colcon_core.package_discovery:discover_packages(path) check parameters
[0.269s] Level 1:colcon.colcon_core.package_discovery:discover_packages(colcon_meta) discover
[0.270s] Level 1:colcon.colcon_core.package_discovery:discover_packages(recursive) discover
[0.270s] INFO:colcon.colcon_core.package_discovery:Crawling recursively for packages in '/home/samuel/hello_robot'
[0.270s] Level 1:colcon.colcon_core.package_identification:_identify(.) by extensions ['ignore', 'ignore_ament_install']
[0.270s] Level 1:colcon.colcon_core.package_identification:_identify(.) by extension 'ignore'
[0.270s] Level 1:colcon.colcon_core.package_identification:_identify(.) by extension 'ignore_ament_install'
[0.270s] Level 1:colcon.colcon_core.package_identification:_identify(.) by extensions ['colcon_pkg']
[0.270s] Level 1:colcon.colcon_core.package_identification:_identify(.) by extension 'colcon_pkg'
[0.270s] Level 1:colcon.colcon_core.package_identification:_identify(.) by extensions ['colcon_meta']
[0.270s] Level 1:colcon.colcon_core.package_identification:_identify(.) by extension 'colcon_meta'
[0.270s] Level 1:colcon.colcon_core.package_identification:_identify(.) by extensions ['ros']
[0.270s] Level 1:colcon.colcon_core.package_identification:_identify(.) by extension 'ros'
[0.282s] Level 1:colcon.colcon_core.package_identification:_identify(.) by extensions ['cmake', 'python']
[0.282s] Level 1:colcon.colcon_core.package_identification:_identify(.) by extension 'cmake'
[0.283s] Level 1:colcon.colcon_core.package_identification:_identify(.) by extension 'python'
[0.283s] Level 1:colcon.colcon_core.package_identification:_identify(.) by extensions ['python_setup_py']
[0.283s] Level 1:colcon.colcon_core.package_identification:_identify(.) by extension 'python_setup_py'
[0.283s] Level 1:colcon.colcon_core.package_identification:_identify(build) by extensions ['ignore', 'ignore_ament_install']
[0.283s] Level 1:colcon.colcon_core.package_identification:_identify(build) by extension 'ignore'
[0.283s] Level 1:colcon.colcon_core.package_identification:_identify(build) ignored
[0.284s] Level 1:colcon.colcon_core.package_identification:_identify(install) by extensions ['ignore', 'ignore_ament_install']
[0.284s] Level 1:colcon.colcon_core.package_identification:_identify(install) by extension 'ignore'
[0.284s] Level 1:colcon.colcon_core.package_identification:_identify(install) ignored
[0.284s] Level 1:colcon.colcon_core.package_identification:_identify(log) by extensions ['ignore', 'ignore_ament_install']
[0.284s] Level 1:colcon.colcon_core.package_identification:_identify(log) by extension 'ignore'
[0.284s] Level 1:colcon.colcon_core.package_identification:_identify(log) ignored
[0.284s] Level 1:colcon.colcon_core.package_identification:_identify(src) by extensions ['ignore', 'ignore_ament_install']
[0.284s] Level 1:colcon.colcon_core.package_identification:_identify(src) by extension 'ignore'
[0.284s] Level 1:colcon.colcon_core.package_identification:_identify(src) by extension 'ignore_ament_install'
[0.284s] Level 1:colcon.colcon_core.package_identification:_identify(src) by extensions ['colcon_pkg']
[0.284s] Level 1:colcon.colcon_core.package_identification:_identify(src) by extension 'colcon_pkg'
[0.284s] Level 1:colcon.colcon_core.package_identification:_identify(src) by extensions ['colcon_meta']
[0.284s] Level 1:colcon.colcon_core.package_identification:_identify(src) by extension 'colcon_meta'
[0.284s] Level 1:colcon.colcon_core.package_identification:_identify(src) by extensions ['ros']
[0.284s] Level 1:colcon.colcon_core.package_identification:_identify(src) by extension 'ros'
[0.285s] Level 1:colcon.colcon_core.package_identification:_identify(src) by extensions ['cmake', 'python']
[0.285s] Level 1:colcon.colcon_core.package_identification:_identify(src) by extension 'cmake'
[0.285s] Level 1:colcon.colcon_core.package_identification:_identify(src) by extension 'python'
[0.285s] Level 1:colcon.colcon_core.package_identification:_identify(src) by extensions ['python_setup_py']
[0.285s] Level 1:colcon.colcon_core.package_identification:_identify(src) by extension 'python_setup_py'
[0.285s] Level 1:colcon.colcon_core.package_identification:_identify(src/build) by extensions ['ignore', 'ignore_ament_install']
[0.285s] Level 1:colcon.colcon_core.package_identification:_identify(src/build) by extension 'ignore'
[0.285s] Level 1:colcon.colcon_core.package_identification:_identify(src/build) ignored
[0.285s] Level 1:colcon.colcon_core.package_identification:_identify(src/hello_robot_package) by extensions ['ignore', 'ignore_ament_install']
[0.285s] Level 1:colcon.colcon_core.package_identification:_identify(src/hello_robot_package) by extension 'ignore'
[0.285s] Level 1:colcon.colcon_core.package_identification:_identify(src/hello_robot_package) by extension 'ignore_ament_install'
[0.285s] Level 1:colcon.colcon_core.package_identification:_identify(src/hello_robot_package) by extensions ['colcon_pkg']
[0.285s] Level 1:colcon.colcon_core.package_identification:_identify(src/hello_robot_package) by extension 'colcon_pkg'
[0.285s] Level 1:colcon.colcon_core.package_identification:_identify(src/hello_robot_package) by extensions ['colcon_meta']
[0.285s] Level 1:colcon.colcon_core.package_identification:_identify(src/hello_robot_package) by extension 'colcon_meta'
[0.286s] Level 1:colcon.colcon_core.package_identification:_identify(src/hello_robot_package) by extensions ['ros']
[0.286s] Level 1:colcon.colcon_core.package_identification:_identify(src/hello_robot_package) by extension 'ros'
[0.288s] DEBUG:colcon.colcon_core.package_identification:Package 'src/hello_robot_package' with type 'ros.ament_cmake' and name 'hello_robot_package'
[0.288s] Level 1:colcon.colcon_core.package_identification:_identify(src/install) by extensions ['ignore', 'ignore_ament_install']
[0.288s] Level 1:colcon.colcon_core.package_identification:_identify(src/install) by extension 'ignore'
[0.288s] Level 1:colcon.colcon_core.package_identification:_identify(src/install) ignored
[0.289s] Level 1:colcon.colcon_core.package_identification:_identify(src/log) by extensions ['ignore', 'ignore_ament_install']
[0.289s] Level 1:colcon.colcon_core.package_identification:_identify(src/log) by extension 'ignore'
[0.289s] Level 1:colcon.colcon_core.package_identification:_identify(src/log) ignored
[0.289s] Level 1:colcon.colcon_core.package_discovery:discover_packages(recursive) using defaults
[0.289s] Level 1:colcon.colcon_core.package_discovery:discover_packages(ignore) discover
[0.289s] Level 1:colcon.colcon_core.package_discovery:discover_packages(ignore) using defaults
[0.289s] Level 1:colcon.colcon_core.package_discovery:discover_packages(path) discover
[0.289s] Level 1:colcon.colcon_core.package_discovery:discover_packages(path) using defaults
[0.317s] Level 1:colcon.colcon_core.package_discovery:discover_packages(prefix_path) check parameters
[0.317s] Level 1:colcon.colcon_core.package_discovery:discover_packages(prefix_path) discover
[0.318s] DEBUG:colcon.colcon_installed_package_information.package_discovery:Found 1 installed packages in /home/samuel/hello_robot/install
[0.319s] DEBUG:colcon.colcon_installed_package_information.package_discovery:Found 1 installed packages in /home/samuel/hello_robot/src/install
[0.320s] DEBUG:colcon.colcon_installed_package_information.package_discovery:Found 358 installed packages in /opt/ros/humble
[0.322s] Level 1:colcon.colcon_core.package_discovery:discover_packages(prefix_path) using defaults
[0.371s] Level 5:colcon.colcon_core.verb:set package 'hello_robot_package' build argument 'cmake_args' from command line to 'None'
[0.371s] Level 5:colcon.colcon_core.verb:set package 'hello_robot_package' build argument 'cmake_target' from command line to 'None'
[0.371s] Level 5:colcon.colcon_core.verb:set package 'hello_robot_package' build argument 'cmake_target_skip_unavailable' from command line to 'False'
[0.371s] Level 5:colcon.colcon_core.verb:set package 'hello_robot_package' build argument 'cmake_clean_cache' from command line to 'False'
[0.371s] Level 5:colcon.colcon_core.verb:set package 'hello_robot_package' build argument 'cmake_clean_first' from command line to 'False'
[0.371s] Level 5:colcon.colcon_core.verb:set package 'hello_robot_package' build argument 'cmake_force_configure' from command line to 'False'
[0.371s] Level 5:colcon.colcon_core.verb:set package 'hello_robot_package' build argument 'ament_cmake_args' from command line to 'None'
[0.371s] Level 5:colcon.colcon_core.verb:set package 'hello_robot_package' build argument 'catkin_cmake_args' from command line to 'None'
[0.371s] Level 5:colcon.colcon_core.verb:set package 'hello_robot_package' build argument 'catkin_skip_building_tests' from command line to 'False'
[0.371s] DEBUG:colcon.colcon_core.verb:Building package 'hello_robot_package' with the following arguments: {'ament_cmake_args': None, 'build_base': '/home/samuel/hello_robot/build/hello_robot_package', 'catkin_cmake_args': None, 'catkin_skip_building_tests': False, 'cmake_args': None, 'cmake_clean_cache': False, 'cmake_clean_first': False, 'cmake_force_configure': False, 'cmake_target': None, 'cmake_target_skip_unavailable': False, 'install_base': '/home/samuel/hello_robot/install/hello_robot_package', 'merge_install': False, 'path': '/home/samuel/hello_robot/src/hello_robot_package', 'symlink_install': False, 'test_result_base': None}
[0.371s] INFO:colcon.colcon_core.executor:Executing jobs using 'parallel' executor
[0.372s] DEBUG:colcon.colcon_parallel_executor.executor.parallel:run_until_complete
[0.373s] INFO:colcon.colcon_ros.task.ament_cmake.build:Building ROS package in '/home/samuel/hello_robot/src/hello_robot_package' with build type 'ament_cmake'
[0.373s] INFO:colcon.colcon_cmake.task.cmake.build:Building CMake package in '/home/samuel/hello_robot/src/hello_robot_package'
[0.375s] INFO:colcon.colcon_core.plugin_system:Skipping extension 'colcon_core.shell.bat': Not used on non-Windows systems
[0.375s] INFO:colcon.colcon_core.shell:Skip shell extension 'powershell' for command environment: Not usable outside of PowerShell
[0.375s] DEBUG:colcon.colcon_core.shell:Skip shell extension 'dsv' for command environment
[0.384s] DEBUG:colcon.colcon_core.event_handler.log_command:Invoking command in '/home/samuel/hello_robot/build/hello_robot_package': CMAKE_PREFIX_PATH=${CMAKE_PREFIX_PATH}:/opt/ros/humble /usr/bin/cmake --build /home/samuel/hello_robot/build/hello_robot_package -- -j16 -l16
[4.522s] DEBUG:colcon.colcon_core.event_handler.log_command:Invoked command in '/home/samuel/hello_robot/build/hello_robot_package' returned '0': CMAKE_PREFIX_PATH=${CMAKE_PREFIX_PATH}:/opt/ros/humble /usr/bin/cmake --build /home/samuel/hello_robot/build/hello_robot_package -- -j16 -l16
[4.531s] DEBUG:colcon.colcon_core.event_handler.log_command:Invoking command in '/home/samuel/hello_robot/build/hello_robot_package': CMAKE_PREFIX_PATH=${CMAKE_PREFIX_PATH}:/opt/ros/humble /usr/bin/cmake --install /home/samuel/hello_robot/build/hello_robot_package
[4.542s] Level 1:colcon.colcon_core.environment:create_environment_scripts_only(hello_robot_package)
[4.543s] DEBUG:colcon.colcon_core.event_handler.log_command:Invoked command in '/home/samuel/hello_robot/build/hello_robot_package' returned '0': CMAKE_PREFIX_PATH=${CMAKE_PREFIX_PATH}:/opt/ros/humble /usr/bin/cmake --install /home/samuel/hello_robot/build/hello_robot_package
[4.545s] Level 1:colcon.colcon_core.environment:checking '/home/samuel/hello_robot/install/hello_robot_package' for CMake module files
[4.546s] Level 1:colcon.colcon_core.environment:checking '/home/samuel/hello_robot/install/hello_robot_package' for CMake config files
[4.546s] Level 1:colcon.colcon_core.shell:create_environment_hook('hello_robot_package', 'cmake_prefix_path')
[4.546s] INFO:colcon.colcon_core.shell:Creating environment hook '/home/samuel/hello_robot/install/hello_robot_package/share/hello_robot_package/hook/cmake_prefix_path.ps1'
[4.547s] INFO:colcon.colcon_core.shell:Creating environment descriptor '/home/samuel/hello_robot/install/hello_robot_package/share/hello_robot_package/hook/cmake_prefix_path.dsv'
[4.547s] INFO:colcon.colcon_core.shell:Creating environment hook '/home/samuel/hello_robot/install/hello_robot_package/share/hello_robot_package/hook/cmake_prefix_path.sh'
[4.548s] Level 1:colcon.colcon_core.environment:checking '/home/samuel/hello_robot/install/hello_robot_package/lib'
[4.548s] Level 1:colcon.colcon_core.environment:checking '/home/samuel/hello_robot/install/hello_robot_package/bin'
[4.548s] Level 1:colcon.colcon_core.environment:checking '/home/samuel/hello_robot/install/hello_robot_package/lib/pkgconfig/hello_robot_package.pc'
[4.548s] Level 1:colcon.colcon_core.environment:checking '/home/samuel/hello_robot/install/hello_robot_package/lib/python3.10/site-packages'
[4.549s] Level 1:colcon.colcon_core.environment:checking '/home/samuel/hello_robot/install/hello_robot_package/bin'
[4.549s] INFO:colcon.colcon_core.shell:Creating package script '/home/samuel/hello_robot/install/hello_robot_package/share/hello_robot_package/package.ps1'
[4.550s] INFO:colcon.colcon_core.shell:Creating package descriptor '/home/samuel/hello_robot/install/hello_robot_package/share/hello_robot_package/package.dsv'
[4.550s] INFO:colcon.colcon_core.shell:Creating package script '/home/samuel/hello_robot/install/hello_robot_package/share/hello_robot_package/package.sh'
[4.551s] INFO:colcon.colcon_core.shell:Creating package script '/home/samuel/hello_robot/install/hello_robot_package/share/hello_robot_package/package.bash'
[4.552s] INFO:colcon.colcon_core.shell:Creating package script '/home/samuel/hello_robot/install/hello_robot_package/share/hello_robot_package/package.zsh'
[4.552s] Level 1:colcon.colcon_core.environment:create_file_with_runtime_dependencies(/home/samuel/hello_robot/install/hello_robot_package/share/colcon-core/packages/hello_robot_package)
[4.553s] Level 1:colcon.colcon_core.environment:create_environment_scripts_only(hello_robot_package)
[4.553s] Level 1:colcon.colcon_core.environment:checking '/home/samuel/hello_robot/install/hello_robot_package' for CMake module files
[4.554s] Level 1:colcon.colcon_core.environment:checking '/home/samuel/hello_robot/install/hello_robot_package' for CMake config files
[4.554s] Level 1:colcon.colcon_core.shell:create_environment_hook('hello_robot_package', 'cmake_prefix_path')
[4.554s] INFO:colcon.colcon_core.shell:Creating environment hook '/home/samuel/hello_robot/install/hello_robot_package/share/hello_robot_package/hook/cmake_prefix_path.ps1'
[4.554s] INFO:colcon.colcon_core.shell:Creating environment descriptor '/home/samuel/hello_robot/install/hello_robot_package/share/hello_robot_package/hook/cmake_prefix_path.dsv'
[4.554s] INFO:colcon.colcon_core.shell:Creating environment hook '/home/samuel/hello_robot/install/hello_robot_package/share/hello_robot_package/hook/cmake_prefix_path.sh'
[4.555s] Level 1:colcon.colcon_core.environment:checking '/home/samuel/hello_robot/install/hello_robot_package/lib'
[4.555s] Level 1:colcon.colcon_core.environment:checking '/home/samuel/hello_robot/install/hello_robot_package/bin'
[4.555s] Level 1:colcon.colcon_core.environment:checking '/home/samuel/hello_robot/install/hello_robot_package/lib/pkgconfig/hello_robot_package.pc'
[4.555s] Level 1:colcon.colcon_core.environment:checking '/home/samuel/hello_robot/install/hello_robot_package/lib/python3.10/site-packages'
[4.555s] Level 1:colcon.colcon_core.environment:checking '/home/samuel/hello_robot/install/hello_robot_package/bin'
[4.556s] INFO:colcon.colcon_core.shell:Creating package script '/home/samuel/hello_robot/install/hello_robot_package/share/hello_robot_package/package.ps1'
[4.556s] INFO:colcon.colcon_core.shell:Creating package descriptor '/home/samuel/hello_robot/install/hello_robot_package/share/hello_robot_package/package.dsv'
[4.556s] INFO:colcon.colcon_core.shell:Creating package script '/home/samuel/hello_robot/install/hello_robot_package/share/hello_robot_package/package.sh'
[4.557s] INFO:colcon.colcon_core.shell:Creating package script '/home/samuel/hello_robot/install/hello_robot_package/share/hello_robot_package/package.bash'
[4.558s] INFO:colcon.colcon_core.shell:Creating package script '/home/samuel/hello_robot/install/hello_robot_package/share/hello_robot_package/package.zsh'
[4.558s] Level 1:colcon.colcon_core.environment:create_file_with_runtime_dependencies(/home/samuel/hello_robot/install/hello_robot_package/share/colcon-core/packages/hello_robot_package)
[4.558s] DEBUG:colcon.colcon_parallel_executor.executor.parallel:closing loop
[4.559s] DEBUG:colcon.colcon_parallel_executor.executor.parallel:loop closed
[4.559s] DEBUG:colcon.colcon_parallel_executor.executor.parallel:run_until_complete finished with '0'
[4.559s] DEBUG:colcon.colcon_core.event_reactor:joining thread
[4.564s] INFO:colcon.colcon_core.plugin_system:Skipping extension 'colcon_notification.desktop_notification.terminal_notifier': Not used on non-Darwin systems
[4.564s] INFO:colcon.colcon_core.plugin_system:Skipping extension 'colcon_notification.desktop_notification.win32': Not used on non-Windows systems
[4.564s] INFO:colcon.colcon_notification.desktop_notification:Sending desktop notification using 'notify2'
[4.574s] DEBUG:colcon.colcon_core.event_reactor:joined thread
[4.574s] INFO:colcon.colcon_core.shell:Creating prefix script '/home/samuel/hello_robot/install/local_setup.ps1'
[4.575s] INFO:colcon.colcon_core.shell:Creating prefix util module '/home/samuel/hello_robot/install/_local_setup_util_ps1.py'
[4.577s] INFO:colcon.colcon_core.shell:Creating prefix chain script '/home/samuel/hello_robot/install/setup.ps1'
[4.578s] INFO:colcon.colcon_core.shell:Creating prefix script '/home/samuel/hello_robot/install/local_setup.sh'
[4.578s] INFO:colcon.colcon_core.shell:Creating prefix util module '/home/samuel/hello_robot/install/_local_setup_util_sh.py'
[4.579s] INFO:colcon.colcon_core.shell:Creating prefix chain script '/home/samuel/hello_robot/install/setup.sh'
[4.580s] INFO:colcon.colcon_core.shell:Creating prefix script '/home/samuel/hello_robot/install/local_setup.bash'
[4.580s] INFO:colcon.colcon_core.shell:Creating prefix chain script '/home/samuel/hello_robot/install/setup.bash'
[4.581s] INFO:colcon.colcon_core.shell:Creating prefix script '/home/samuel/hello_robot/install/local_setup.zsh'
[4.582s] INFO:colcon.colcon_core.shell:Creating prefix chain script '/home/samuel/hello_robot/install/setup.zsh'
