[0.011s] Invoking command in '/home/samuel/hello_robot/build/hello_robot_package': CMAKE_PREFIX_PATH=${CMAKE_PREFIX_PATH}:/opt/ros/humble PS1=(ros2_venv) \[\e]0;\u@\h: \w\a\]${debian_chroot:+($debian_chroot)}\[\033[01;32m\]\u@\h\[\033[00m\]:\[\033[01;34m\]\w\[\033[00m\]\$ VIRTUAL_ENV_PROMPT=(ros2_venv) /usr/bin/cmake --build /home/samuel/hello_robot/build/hello_robot_package -- -j16 -l16
[0.033s] -- Found ament_cmake: 1.3.11 (/opt/ros/humble/share/ament_cmake/cmake)
[0.148s] -- Found rclcpp: 16.0.11 (/opt/ros/humble/share/rclcpp/cmake)
[0.174s] -- Found rosidl_generator_c: 3.1.6 (/opt/ros/humble/share/rosidl_generator_c/cmake)
[0.176s] -- Found rosidl_adapter: 3.1.6 (/opt/ros/humble/share/rosidl_adapter/cmake)
[0.182s] -- Found rosidl_generator_cpp: 3.1.6 (/opt/ros/humble/share/rosidl_generator_cpp/cmake)
[0.191s] -- Using all available rosidl_typesupport_c: rosidl_typesupport_fastrtps_c;rosidl_typesupport_introspection_c
[0.202s] -- Using all available rosidl_typesupport_cpp: rosidl_typesupport_fastrtps_cpp;rosidl_typesupport_introspection_cpp
[0.231s] -- Found rmw_implementation_cmake: 6.1.2 (/opt/ros/humble/share/rmw_implementation_cmake/cmake)
[0.232s] -- Found rmw_fastrtps_cpp: 6.2.7 (/opt/ros/humble/share/rmw_fastrtps_cpp/cmake)
[0.316s] -- Using RMW implementation 'rmw_fastrtps_cpp' as default
[0.377s] -- Found geometry_msgs: 4.2.4 (/opt/ros/humble/share/geometry_msgs/cmake)
[0.388s] -- Found vision_msgs: 4.1.1 (/opt/ros/humble/share/vision_msgs/cmake)
[0.402s] -- Found sensor_msgs: 4.2.4 (/opt/ros/humble/share/sensor_msgs/cmake)
[0.419s] -- Found cv_bridge: 3.2.1 (/opt/ros/humble/share/cv_bridge/cmake)
[0.442s] -- Found ament_lint_auto: 0.12.11 (/opt/ros/humble/share/ament_lint_auto/cmake)
[0.521s] -- Added test 'cppcheck' to perform static code analysis on C / C++ code
[0.521s] -- Configured cppcheck include dirs: $<BUILD_INTERFACE:/home/samuel/hello_robot/src/hello_robot_package/include>
[0.521s] -- Configured cppcheck exclude dirs and/or files: 
[0.522s] -- Added test 'flake8' to check Python code syntax and style conventions
[0.522s] -- Added test 'lint_cmake' to check CMake code style
[0.523s] -- Added test 'pep257' to check Python code against some of the docstring style conventions in PEP 257
[0.524s] -- Added test 'uncrustify' to check C / C++ code style
[0.524s] -- Configured uncrustify additional arguments: 
[0.524s] -- Added test 'xmllint' to check XML markup files
[0.527s] -- Configuring done
[0.544s] -- Generating done
[0.550s] -- Build files have been written to: /home/samuel/hello_robot/build/hello_robot_package
[0.573s] [35m[1mConsolidate compiler generated dependencies of target hello_robot_node[0m
[0.596s] [ 50%] [32mBuilding CXX object CMakeFiles/hello_robot_node.dir/src/hello_robot_node.cpp.o[0m
[8.809s] [100%] [32m[1mLinking CXX executable hello_robot_node[0m
[9.262s] [100%] Built target hello_robot_node
[9.272s] Invoked command in '/home/samuel/hello_robot/build/hello_robot_package' returned '0': CMAKE_PREFIX_PATH=${CMAKE_PREFIX_PATH}:/opt/ros/humble PS1=(ros2_venv) \[\e]0;\u@\h: \w\a\]${debian_chroot:+($debian_chroot)}\[\033[01;32m\]\u@\h\[\033[00m\]:\[\033[01;34m\]\w\[\033[00m\]\$ VIRTUAL_ENV_PROMPT=(ros2_venv) /usr/bin/cmake --build /home/samuel/hello_robot/build/hello_robot_package -- -j16 -l16
[9.280s] Invoking command in '/home/samuel/hello_robot/build/hello_robot_package': CMAKE_PREFIX_PATH=${CMAKE_PREFIX_PATH}:/opt/ros/humble PS1=(ros2_venv) \[\e]0;\u@\h: \w\a\]${debian_chroot:+($debian_chroot)}\[\033[01;32m\]\u@\h\[\033[00m\]:\[\033[01;34m\]\w\[\033[00m\]\$ VIRTUAL_ENV_PROMPT=(ros2_venv) /usr/bin/cmake --install /home/samuel/hello_robot/build/hello_robot_package
[9.286s] -- Install configuration: ""
[9.287s] -- Installing: /home/samuel/hello_robot/install/hello_robot_package/lib/hello_robot_package/hello_robot_node
[9.292s] -- Set runtime path of "/home/samuel/hello_robot/install/hello_robot_package/lib/hello_robot_package/hello_robot_node" to ""
[9.292s] -- Installing: /home/samuel/hello_robot/install/hello_robot_package/share/ament_index/resource_index/package_run_dependencies/hello_robot_package
[9.293s] -- Up-to-date: /home/samuel/hello_robot/install/hello_robot_package/share/ament_index/resource_index/parent_prefix_path/hello_robot_package
[9.293s] -- Up-to-date: /home/samuel/hello_robot/install/hello_robot_package/share/hello_robot_package/environment/ament_prefix_path.sh
[9.293s] -- Installing: /home/samuel/hello_robot/install/hello_robot_package/share/hello_robot_package/environment/ament_prefix_path.dsv
[9.293s] -- Up-to-date: /home/samuel/hello_robot/install/hello_robot_package/share/hello_robot_package/environment/path.sh
[9.293s] -- Installing: /home/samuel/hello_robot/install/hello_robot_package/share/hello_robot_package/environment/path.dsv
[9.293s] -- Up-to-date: /home/samuel/hello_robot/install/hello_robot_package/share/hello_robot_package/local_setup.bash
[9.293s] -- Up-to-date: /home/samuel/hello_robot/install/hello_robot_package/share/hello_robot_package/local_setup.sh
[9.293s] -- Up-to-date: /home/samuel/hello_robot/install/hello_robot_package/share/hello_robot_package/local_setup.zsh
[9.294s] -- Installing: /home/samuel/hello_robot/install/hello_robot_package/share/hello_robot_package/local_setup.dsv
[9.294s] -- Installing: /home/samuel/hello_robot/install/hello_robot_package/share/hello_robot_package/package.dsv
[9.294s] -- Up-to-date: /home/samuel/hello_robot/install/hello_robot_package/share/ament_index/resource_index/packages/hello_robot_package
[9.294s] -- Up-to-date: /home/samuel/hello_robot/install/hello_robot_package/share/hello_robot_package/cmake/hello_robot_packageConfig.cmake
[9.294s] -- Up-to-date: /home/samuel/hello_robot/install/hello_robot_package/share/hello_robot_package/cmake/hello_robot_packageConfig-version.cmake
[9.294s] -- Installing: /home/samuel/hello_robot/install/hello_robot_package/share/hello_robot_package/package.xml
[9.297s] Invoked command in '/home/samuel/hello_robot/build/hello_robot_package' returned '0': CMAKE_PREFIX_PATH=${CMAKE_PREFIX_PATH}:/opt/ros/humble PS1=(ros2_venv) \[\e]0;\u@\h: \w\a\]${debian_chroot:+($debian_chroot)}\[\033[01;32m\]\u@\h\[\033[00m\]:\[\033[01;34m\]\w\[\033[00m\]\$ VIRTUAL_ENV_PROMPT=(ros2_venv) /usr/bin/cmake --install /home/samuel/hello_robot/build/hello_robot_package
