[0.007s] Invoking command in '/home/samuel/hello_robot/src/build/hello_robot_package': CMAKE_PREFIX_PATH=/opt/ros/humble /usr/bin/cmake --build /home/samuel/hello_robot/src/build/hello_robot_package -- -j16 -l16
[0.023s] -- Found ament_cmake: 1.3.11 (/opt/ros/humble/share/ament_cmake/cmake)
[0.096s] -- Found rclcpp: 16.0.11 (/opt/ros/humble/share/rclcpp/cmake)
[0.114s] -- Found rosidl_generator_c: 3.1.6 (/opt/ros/humble/share/rosidl_generator_c/cmake)
[0.115s] -- Found rosidl_adapter: 3.1.6 (/opt/ros/humble/share/rosidl_adapter/cmake)
[0.119s] -- Found rosidl_generator_cpp: 3.1.6 (/opt/ros/humble/share/rosidl_generator_cpp/cmake)
[0.125s] -- Using all available rosidl_typesupport_c: rosidl_typesupport_fastrtps_c;rosidl_typesupport_introspection_c
[0.133s] -- Using all available rosidl_typesupport_cpp: rosidl_typesupport_fastrtps_cpp;rosidl_typesupport_introspection_cpp
[0.155s] -- Found rmw_implementation_cmake: 6.1.2 (/opt/ros/humble/share/rmw_implementation_cmake/cmake)
[0.155s] -- Found rmw_fastrtps_cpp: 6.2.7 (/opt/ros/humble/share/rmw_fastrtps_cpp/cmake)
[0.209s] -- Using RMW implementation 'rmw_fastrtps_cpp' as default
[0.240s] -- Found sensor_msgs: 4.2.4 (/opt/ros/humble/share/sensor_msgs/cmake)
[0.257s] [31mCMake Error at /opt/ros/humble/share/ament_cmake_target_dependencies/cmake/ament_target_dependencies.cmake:42 (message):
[0.257s]   ament_target_dependencies() the first argument must be a valid target name
[0.257s] Call Stack (most recent call first):
[0.257s]   CMakeLists.txt:13 (ament_target_dependencies)
[0.257s] 
[0.257s] [0m
[0.257s] -- Configuring incomplete, errors occurred!
[0.257s] See also "/home/samuel/hello_robot/src/build/hello_robot_package/CMakeFiles/CMakeOutput.log".
[0.261s] gmake: *** [Makefile:267: cmake_check_build_system] Error 1
[0.262s] Invoked command in '/home/samuel/hello_robot/src/build/hello_robot_package' returned '2': CMAKE_PREFIX_PATH=/opt/ros/humble /usr/bin/cmake --build /home/samuel/hello_robot/src/build/hello_robot_package -- -j16 -l16
